\BOOKMARK [0][-]{chapter.1}{\376\377\000\332\000v\000o\000d\000\040\000d\000o\000\040\000p\000r\000o\000b\000l\000e\000m\000a\000t\000i\000k\000y}{}% 1
\BOOKMARK [1][-]{section.1.1}{\376\377\000D\000e\000t\000e\000k\000c\000i\000a\000\040\000o\000b\000j\000e\000k\000t\000o\000v}{chapter.1}% 2
\BOOKMARK [2][-]{subsection.1.1.1}{\376\377\000T\000r\000a\000d\000i\001\015\000n\000\351\000\040\000m\000e\000t\000\363\000d\000y}{section.1.1}% 3
\BOOKMARK [2][-]{subsection.1.1.2}{\376\377\000D\000e\000t\000e\000k\000c\000i\000a\000\040\000r\000e\000k\000l\000\341\000m}{section.1.1}% 4
\BOOKMARK [1][-]{section.1.2}{\376\377\000V\000\375\000z\000n\000a\000m\000n\000o\000s\001\145\000\040\000r\000e\000k\000l\000\341\000m}{chapter.1}% 5
\BOOKMARK [2][-]{subsection.1.2.1}{\376\377\000C\000h\000a\000r\000a\000k\000t\000e\000r\000i\000s\000t\000i\000k\000y\000\040\000r\000e\000k\000l\000\341\000m}{section.1.2}% 6
\BOOKMARK [0][-]{chapter.2}{\376\377\000T\000e\000\363\000r\000i\000a\000\040\000n\000e\000u\000r\000\363\000n\000o\000v\000\375\000c\000h\000\040\000s\000i\000e\000t\000\355}{}% 7
\BOOKMARK [1][-]{section.2.1}{\376\377\000\332\000v\000o\000d\000\040\000d\000o\000\040\000n\000e\000u\000r\000\363\000n\000o\000v\000\375\000c\000h\000\040\000s\000i\000e\000t\000\355}{chapter.2}% 8
\BOOKMARK [1][-]{section.2.2}{\376\377\000P\000r\000i\000n\000c\000\355\000p\000\040\000u\001\015\000e\000n\000i\000a}{chapter.2}% 9
\BOOKMARK [2][-]{subsection.2.2.1}{\376\377\000U\001\015\000e\000n\000i\000e\000\040\000s\000\040\000p\000o\000m\000o\000c\000o\000u\000\040\000u\001\015\000i\000t\000e\001\076\000a}{section.2.2}% 10
\BOOKMARK [1][-]{section.2.3}{\376\377\000K\000o\000n\000v\000o\000l\000u\001\015\000n\000\351\000\040\000n\000e\000u\000r\000\363\000n\000o\000v\000\351\000\040\000s\000i\000e\000t\000e}{chapter.2}% 11
\BOOKMARK [2][-]{subsection.2.3.1}{\376\377\000K\000o\000n\000v\000o\000l\000u\001\015\000n\000\341\000\040\000v\000r\000s\000t\000v\000a}{section.2.3}% 12
\BOOKMARK [2][-]{subsection.2.3.2}{\376\377\000P\000o\000o\000l\000i\000n\000g\000\040\000v\000r\000s\000t\000v\000a}{section.2.3}% 13
\BOOKMARK [2][-]{subsection.2.3.3}{\376\377\000P\000l\000n\000e\000\040\000p\000r\000e\000p\000o\000j\000e\000n\000\341\000\040\000v\000r\000s\000t\000v\000a}{section.2.3}% 14
\BOOKMARK [2][-]{subsection.2.3.4}{\376\377\000E\000x\000i\000s\000t\000u\000j\000\372\000c\000e\000\040\000a\000r\000c\000h\000i\000t\000e\000k\000t\000\372\000r\000y}{section.2.3}% 15
\BOOKMARK [1][-]{section.2.4}{\376\377\000V\000\375\000z\000v\000y\000\040\000n\000e\000u\000r\000\363\000n\000o\000v\000\375\000c\000h\000\040\000s\000i\000e\000t\000\355}{chapter.2}% 16
\BOOKMARK [0][-]{chapter.3}{\376\377\000N\000\341\000v\000r\000h\000\040\000r\000i\000e\001\141\000e\000n\000i\000a}{}% 17
\BOOKMARK [1][-]{section.3.1}{\376\377\000P\000r\000\355\000p\000r\000a\000v\000a\000\040\000d\000\341\000t}{chapter.3}% 18
\BOOKMARK [1][-]{section.3.2}{\376\377\000D\000e\000t\000e\000k\000c\000i\000a\000\040\000r\000e\000k\000l\000\341\000m}{chapter.3}% 19
\BOOKMARK [2][-]{subsection.3.2.1}{\376\377\000S\000l\000e\000d\000o\000v\000a\000n\000i\000e\000\040\000r\000e\000k\000l\000\341\000m}{section.3.2}% 20
\BOOKMARK [1][-]{section.3.3}{\376\377\000V\000\375\000z\000n\000a\000m\000n\000o\000s\001\145\000\040\000r\000e\000k\000l\000\341\000m}{chapter.3}% 21
\BOOKMARK [2][-]{subsection.3.3.1}{\376\377\000K\000l\000a\000s\000i\000f\000i\000k\000\341\000c\000i\000a\000\040\000r\000e\000k\000l\000\341\000m}{section.3.3}% 22
\BOOKMARK [0][-]{chapter.4}{\376\377\000R\000e\000a\000l\000i\000z\000\341\000c\000i\000a\000\040\000r\000i\000e\001\141\000e\000n\000i\000a}{}% 23
\BOOKMARK [1][-]{section.4.1}{\376\377\000E\000x\000p\000e\000r\000i\000m\000e\000n\000t\000\341\000l\000n\000e\000\040\000m\000e\000r\000a\000n\000i\000e}{chapter.4}% 24
\BOOKMARK [1][-]{section.4.2}{\376\377\000T\000o\000b\000i\000i\000\040\000P\000r\000o\000\040\000L\000a\000b}{chapter.4}% 25
\BOOKMARK [1][-]{section.4.3}{\376\377\000D\000e\000t\000e\000k\000t\000o\000r\000\040\000r\000e\000k\000l\000\341\000m}{chapter.4}% 26
\BOOKMARK [2][-]{subsection.4.3.1}{\376\377\000V\000\375\000z\000n\000a\000m\000n\000o\000s\001\145\000\040\000r\000e\000k\000l\000\341\000m}{section.4.3}% 27
\BOOKMARK [2][-]{subsection.4.3.2}{\376\377\000K\000l\000a\000s\000i\000f\000i\000k\000\341\000c\000i\000a\000\040\000r\000e\000k\000l\000a\000m\000y}{section.4.3}% 28
\BOOKMARK [0][-]{chapter.5}{\376\377\000V\000y\000h\000o\000d\000n\000o\000t\000e\000n\000i\000e\000\040\000z\000\355\000s\000k\000a\000n\000\375\000c\000h\000\040\000v\000\375\000s\000l\000e\000d\000k\000o\000v}{}% 29
