This is pdfTeX, Version 3.141592653-2.6-1.40.25 (TeX Live 2023) (preloaded format=pdflatex 2023.4.29)  29 APR 2023 12:03
entering extended mode
 restricted \write18 enabled.
 file:line:error style messages enabled.
 %&-line parsing enabled.
**main.tex
(./main.tex
LaTeX2e <2022-11-01> patch level 1
L3 programming layer <2023-04-20>
(/usr/local/texlive/2023/texmf-dist/tex/latex/base/book.cls
Document Class: book 2022/07/02 v1.4n Standard LaTeX document class
(/usr/local/texlive/2023/texmf-dist/tex/latex/base/bk12.clo
File: bk12.clo 2022/07/02 v1.4n Standard LaTeX file (size option)
)
\c@part=\count185
\c@chapter=\count186
\c@section=\count187
\c@subsection=\count188
\c@subsubsection=\count189
\c@paragraph=\count190
\c@subparagraph=\count191
\c@figure=\count192
\c@table=\count193
\abovecaptionskip=\skip48
\belowcaptionskip=\skip49
\bibindent=\dimen140
)
\tmp=\read2

(/usr/local/texlive/2023/texmf-dist/tex/generic/babel/babel.sty
Package: babel 2023/04/18 3.88 The Babel package
\babel@savecnt=\count194
\U@D=\dimen141
\l@unhyphenated=\language87

(/usr/local/texlive/2023/texmf-dist/tex/generic/babel/txtbabel.def)
\bbl@readstream=\read3
\bbl@dirlevel=\count195

(/usr/local/texlive/2023/texmf-dist/tex/generic/babel-slovak/slovak.ldf
Language: slovak 2008/07/06 v3.1a Slovak support from the babel system
Package babel Info: Making ^ an active character on input line 123.
Package babel Info: Making " an active character on input line 126.
Package babel Info: Making ' an active character on input line 129.
\cs@wordlen=\count196
Package babel Info: Making - an active character on input line 294.
))
(/usr/local/texlive/2023/texmf-dist/tex/generic/babel/locale/sk/babel-slovak.te
x
Package babel Info: Importing font and identification data for slovak
(babel)             from babel-sk.ini. Reported on input line 11.
) (/usr/local/texlive/2023/texmf-dist/tex/latex/lipsum/lipsum.sty
(/usr/local/texlive/2023/texmf-dist/tex/latex/l3packages/l3keys2e/l3keys2e.sty
(/usr/local/texlive/2023/texmf-dist/tex/latex/l3kernel/expl3.sty
Package: expl3 2023-04-20 L3 programming layer (loader) 

(/usr/local/texlive/2023/texmf-dist/tex/latex/l3backend/l3backend-pdftex.def
File: l3backend-pdftex.def 2023-04-19 L3 backend support: PDF output (pdfTeX)
\l__color_backend_stack_int=\count197
\l__pdf_internal_box=\box51
))
Package: l3keys2e 2023-02-02 LaTeX2e option processing using LaTeX3 keys
)
Package: lipsum 2021-09-20 v2.7 150 paragraphs of Lorem Ipsum dummy text
\g__lipsum_par_int=\count198
\l__lipsum_a_int=\count199
\l__lipsum_b_int=\count266
(/usr/local/texlive/2023/texmf-dist/tex/latex/lipsum/lipsum.ltd.tex))
(/usr/local/texlive/2023/texmf-dist/tex/latex/comment/comment.sty
\CommentStream=\write3

Excluding comment 'comment')
(/usr/local/texlive/2023/texmf-dist/tex/latex/geometry/geometry.sty
Package: geometry 2020/01/02 v5.9 Page Geometry

(/usr/local/texlive/2023/texmf-dist/tex/latex/graphics/keyval.sty
Package: keyval 2022/05/29 v1.15 key=value parser (DPC)
\KV@toks@=\toks16
)
(/usr/local/texlive/2023/texmf-dist/tex/generic/iftex/ifvtex.sty
Package: ifvtex 2019/10/25 v1.7 ifvtex legacy package. Use iftex instead.

(/usr/local/texlive/2023/texmf-dist/tex/generic/iftex/iftex.sty
Package: iftex 2022/02/03 v1.0f TeX engine tests
))
\Gm@cnth=\count267
\Gm@cntv=\count268
\c@Gm@tempcnt=\count269
\Gm@bindingoffset=\dimen142
\Gm@wd@mp=\dimen143
\Gm@odd@mp=\dimen144
\Gm@even@mp=\dimen145
\Gm@layoutwidth=\dimen146
\Gm@layoutheight=\dimen147
\Gm@layouthoffset=\dimen148
\Gm@layoutvoffset=\dimen149
\Gm@dimlist=\toks17
)
(/usr/local/texlive/2023/texmf-dist/tex/latex/base/inputenc.sty
Package: inputenc 2021/02/14 v1.3d Input encoding file
\inpenc@prehook=\toks18
\inpenc@posthook=\toks19
)
(/usr/local/texlive/2023/texmf-dist/tex/latex/base/fontenc.sty
Package: fontenc 2021/04/29 v2.0v Standard LaTeX package
)
(/usr/local/texlive/2023/texmf-dist/tex/latex/graphics/graphicx.sty
Package: graphicx 2021/09/16 v1.2d Enhanced LaTeX Graphics (DPC,SPQR)

(/usr/local/texlive/2023/texmf-dist/tex/latex/graphics/graphics.sty
Package: graphics 2022/03/10 v1.4e Standard LaTeX Graphics (DPC,SPQR)

(/usr/local/texlive/2023/texmf-dist/tex/latex/graphics/trig.sty
Package: trig 2021/08/11 v1.11 sin cos tan (DPC)
)
(/usr/local/texlive/2023/texmf-dist/tex/latex/graphics-cfg/graphics.cfg
File: graphics.cfg 2016/06/04 v1.11 sample graphics configuration
)
Package graphics Info: Driver file: pdftex.def on input line 107.

(/usr/local/texlive/2023/texmf-dist/tex/latex/graphics-def/pdftex.def
File: pdftex.def 2022/09/22 v1.2b Graphics/color driver for pdftex
))
\Gin@req@height=\dimen150
\Gin@req@width=\dimen151
)
(/usr/local/texlive/2023/texmf-dist/tex/latex/url/url.sty
\Urlmuskip=\muskip16
Package: url 2013/09/16  ver 3.4  Verb mode for urls, etc.
)
(/usr/local/texlive/2023/texmf-dist/tex/latex/graphics/epsfig.sty
Package: epsfig 2017/06/25 v1.7b (e)psfig emulation (SPQR)
\epsfxsize=\dimen152
\epsfysize=\dimen153
)
(/usr/local/texlive/2023/texmf-dist/tex/latex/epstopdf-pkg/epstopdf.sty
Package: epstopdf 2020-01-24 v2.11 Conversion with epstopdf on the fly (HO)

(/usr/local/texlive/2023/texmf-dist/tex/generic/infwarerr/infwarerr.sty
Package: infwarerr 2019/12/03 v1.5 Providing info/warning/error messages (HO)
)
(/usr/local/texlive/2023/texmf-dist/tex/latex/grfext/grfext.sty
Package: grfext 2019/12/03 v1.3 Manage graphics extensions (HO)

(/usr/local/texlive/2023/texmf-dist/tex/generic/kvdefinekeys/kvdefinekeys.sty
Package: kvdefinekeys 2019-12-19 v1.6 Define keys (HO)
)) (/usr/local/texlive/2023/texmf-dist/tex/latex/kvoptions/kvoptions.sty
Package: kvoptions 2022-06-15 v3.15 Key value format for package options (HO)

(/usr/local/texlive/2023/texmf-dist/tex/generic/ltxcmds/ltxcmds.sty
Package: ltxcmds 2020-05-10 v1.25 LaTeX kernel commands for general use (HO)
)
(/usr/local/texlive/2023/texmf-dist/tex/latex/kvsetkeys/kvsetkeys.sty
Package: kvsetkeys 2022-10-05 v1.19 Key value parser (HO)
))
(/usr/local/texlive/2023/texmf-dist/tex/generic/pdftexcmds/pdftexcmds.sty
Package: pdftexcmds 2020-06-27 v0.33 Utility functions of pdfTeX for LuaTeX (HO
)
Package pdftexcmds Info: \pdf@primitive is available.
Package pdftexcmds Info: \pdf@ifprimitive is available.
Package pdftexcmds Info: \pdfdraftmode found.
)
(/usr/local/texlive/2023/texmf-dist/tex/latex/epstopdf-pkg/epstopdf-base.sty
Package: epstopdf-base 2020-01-24 v2.11 Base part for package epstopdf
Package epstopdf-base Info: Redefining graphics rule for `.eps' on input line 4
85.
Package grfext Info: Graphics extension search list:
(grfext)             [.pdf,.png,.jpg,.mps,.jpeg,.jbig2,.jb2,.PDF,.PNG,.JPG,.JPE
G,.JBIG2,.JB2,.eps]
(grfext)             \AppendGraphicsExtensions on input line 504.

(/usr/local/texlive/2023/texmf-dist/tex/latex/latexconfig/epstopdf-sys.cfg
File: epstopdf-sys.cfg 2010/07/13 v1.3 Configuration of (r)epstopdf for TeX Liv
e
)))
(/usr/local/texlive/2023/texmf-dist/tex/latex/algorithms/algorithmic.sty
Package: algorithmic 2009/08/24 v0.1 Document Style `algorithmic'

(/usr/local/texlive/2023/texmf-dist/tex/latex/base/ifthen.sty
Package: ifthen 2022/04/13 v1.1d Standard LaTeX ifthen package (DPC)
)
\c@ALC@unique=\count270
\c@ALC@line=\count271
\c@ALC@rem=\count272
\c@ALC@depth=\count273
\ALC@tlm=\skip50
\algorithmicindent=\skip51
)
(/usr/local/texlive/2023/texmf-dist/tex/latex/amsmath/amsmath.sty
Package: amsmath 2022/04/08 v2.17n AMS math features
\@mathmargin=\skip52

For additional information on amsmath, use the `?' option.
(/usr/local/texlive/2023/texmf-dist/tex/latex/amsmath/amstext.sty
Package: amstext 2021/08/26 v2.01 AMS text

(/usr/local/texlive/2023/texmf-dist/tex/latex/amsmath/amsgen.sty
File: amsgen.sty 1999/11/30 v2.0 generic functions
\@emptytoks=\toks20
\ex@=\dimen154
))
(/usr/local/texlive/2023/texmf-dist/tex/latex/amsmath/amsbsy.sty
Package: amsbsy 1999/11/29 v1.2d Bold Symbols
\pmbraise@=\dimen155
)
(/usr/local/texlive/2023/texmf-dist/tex/latex/amsmath/amsopn.sty
Package: amsopn 2022/04/08 v2.04 operator names
)
\inf@bad=\count274
LaTeX Info: Redefining \frac on input line 234.
\uproot@=\count275
\leftroot@=\count276
LaTeX Info: Redefining \overline on input line 399.
LaTeX Info: Redefining \colon on input line 410.
\classnum@=\count277
\DOTSCASE@=\count278
LaTeX Info: Redefining \ldots on input line 496.
LaTeX Info: Redefining \dots on input line 499.
LaTeX Info: Redefining \cdots on input line 620.
\Mathstrutbox@=\box52
\strutbox@=\box53
LaTeX Info: Redefining \big on input line 722.
LaTeX Info: Redefining \Big on input line 723.
LaTeX Info: Redefining \bigg on input line 724.
LaTeX Info: Redefining \Bigg on input line 725.
\big@size=\dimen156
LaTeX Font Info:    Redeclaring font encoding OML on input line 743.
LaTeX Font Info:    Redeclaring font encoding OMS on input line 744.
\macc@depth=\count279
LaTeX Info: Redefining \bmod on input line 905.
LaTeX Info: Redefining \pmod on input line 910.
LaTeX Info: Redefining \smash on input line 940.
LaTeX Info: Redefining \relbar on input line 970.
LaTeX Info: Redefining \Relbar on input line 971.
\c@MaxMatrixCols=\count280
\dotsspace@=\muskip17
\c@parentequation=\count281
\dspbrk@lvl=\count282
\tag@help=\toks21
\row@=\count283
\column@=\count284
\maxfields@=\count285
\andhelp@=\toks22
\eqnshift@=\dimen157
\alignsep@=\dimen158
\tagshift@=\dimen159
\tagwidth@=\dimen160
\totwidth@=\dimen161
\lineht@=\dimen162
\@envbody=\toks23
\multlinegap=\skip53
\multlinetaggap=\skip54
\mathdisplay@stack=\toks24
LaTeX Info: Redefining \[ on input line 2953.
LaTeX Info: Redefining \] on input line 2954.
)
(/usr/local/texlive/2023/texmf-dist/tex/latex/amsfonts/amssymb.sty
Package: amssymb 2013/01/14 v3.01 AMS font symbols

(/usr/local/texlive/2023/texmf-dist/tex/latex/amsfonts/amsfonts.sty
Package: amsfonts 2013/01/14 v3.01 Basic AMSFonts support
\symAMSa=\mathgroup4
\symAMSb=\mathgroup5
LaTeX Font Info:    Redeclaring math symbol \hbar on input line 98.
LaTeX Font Info:    Overwriting math alphabet `\mathfrak' in version `bold'
(Font)                  U/euf/m/n --> U/euf/b/n on input line 106.
))
(/usr/local/texlive/2023/texmf-dist/tex/latex/multirow/multirow.sty
Package: multirow 2021/03/15 v2.8 Span multiple rows of a table
\multirow@colwidth=\skip55
\multirow@cntb=\count286
\multirow@dima=\skip56
\bigstrutjot=\dimen163
)
(/usr/local/texlive/2023/texmf-dist/tex/latex/booktabs/booktabs.sty
Package: booktabs 2020/01/12 v1.61803398 Publication quality tables
\heavyrulewidth=\dimen164
\lightrulewidth=\dimen165
\cmidrulewidth=\dimen166
\belowrulesep=\dimen167
\belowbottomsep=\dimen168
\aboverulesep=\dimen169
\abovetopsep=\dimen170
\cmidrulesep=\dimen171
\cmidrulekern=\dimen172
\defaultaddspace=\dimen173
\@cmidla=\count287
\@cmidlb=\count288
\@aboverulesep=\dimen174
\@belowrulesep=\dimen175
\@thisruleclass=\count289
\@lastruleclass=\count290
\@thisrulewidth=\dimen176
)
(/usr/local/texlive/2023/texmf-dist/tex/latex/graphics/color.sty
Package: color 2022/01/06 v1.3d Standard LaTeX Color (DPC)

(/usr/local/texlive/2023/texmf-dist/tex/latex/graphics-cfg/color.cfg
File: color.cfg 2016/01/02 v1.6 sample color configuration
)
Package color Info: Driver file: pdftex.def on input line 149.

(/usr/local/texlive/2023/texmf-dist/tex/latex/graphics/mathcolor.ltx))
(/usr/local/texlive/2023/texmf-dist/tex/latex/setspace/setspace.sty
Package: setspace 2022/12/04 v6.7b set line spacing
)
(/usr/local/texlive/2023/texmf-dist/tex/latex/tools/tabularx.sty
Package: tabularx 2020/01/15 v2.11c `tabularx' package (DPC)

(/usr/local/texlive/2023/texmf-dist/tex/latex/tools/array.sty
Package: array 2022/09/04 v2.5g Tabular extension package (FMi)
\col@sep=\dimen177
\ar@mcellbox=\box54
\extrarowheight=\dimen178
\NC@list=\toks25
\extratabsurround=\skip57
\backup@length=\skip58
\ar@cellbox=\box55
)
\TX@col@width=\dimen179
\TX@old@table=\dimen180
\TX@old@col=\dimen181
\TX@target=\dimen182
\TX@delta=\dimen183
\TX@cols=\count291
\TX@ftn=\toks26
)
(/usr/local/texlive/2023/texmf-dist/tex/latex/base/textcomp.sty
Package: textcomp 2020/02/02 v2.0n Standard LaTeX package
)
(/usr/local/texlive/2023/texmf-dist/tex/latex/caption/caption.sty
Package: caption 2023/03/12 v3.6j Customizing captions (AR)

(/usr/local/texlive/2023/texmf-dist/tex/latex/caption/caption3.sty
Package: caption3 2023/03/12 v2.4 caption3 kernel (AR)
\caption@tempdima=\dimen184
\captionmargin=\dimen185
\caption@leftmargin=\dimen186
\caption@rightmargin=\dimen187
\caption@width=\dimen188
\caption@indent=\dimen189
\caption@parindent=\dimen190
\caption@hangindent=\dimen191
Package caption Info: Standard document class detected.
)
\c@caption@flags=\count292
\c@continuedfloat=\count293
)
(/usr/local/texlive/2023/texmf-dist/tex/latex/natbib/natbib.sty
Package: natbib 2010/09/13 8.31b (PWD, AO)
\bibhang=\skip59
\bibsep=\skip60
LaTeX Info: Redefining \cite on input line 694.
\c@NAT@ctr=\count294
)
(/usr/local/texlive/2023/texmf-dist/tex/latex/caption/subcaption.sty
Package: subcaption 2023/02/19 v1.6 Sub-captions (AR)
Package caption Info: New subtype `subfigure' on input line 239.
\c@subfigure=\count295
Package caption Info: New subtype `subtable' on input line 239.
\c@subtable=\count296
)
(/usr/local/texlive/2023/texmf-dist/tex/latex/emptypage/emptypage.sty
Package: emptypage 2010/05/30 v1.2 Suppress page numbers and headings on empty 
pages
)
(/usr/local/texlive/2023/texmf-dist/tex/latex/float/float.sty
Package: float 2001/11/08 v1.3d Float enhancements (AL)
\c@float@type=\count297
\float@exts=\toks27
\float@box=\box56
\@float@everytoks=\toks28
\@floatcapt=\box57
)
(/usr/local/texlive/2023/texmf-dist/tex/latex/hyperref/hyperref.sty
Package: hyperref 2023-04-22 v7.00x Hypertext links for LaTeX

(/usr/local/texlive/2023/texmf-dist/tex/generic/pdfescape/pdfescape.sty
Package: pdfescape 2019/12/09 v1.15 Implements pdfTeX's escape features (HO)
)
(/usr/local/texlive/2023/texmf-dist/tex/latex/hycolor/hycolor.sty
Package: hycolor 2020-01-27 v1.10 Color options for hyperref/bookmark (HO)
)
(/usr/local/texlive/2023/texmf-dist/tex/latex/letltxmacro/letltxmacro.sty
Package: letltxmacro 2019/12/03 v1.6 Let assignment for LaTeX macros (HO)
)
(/usr/local/texlive/2023/texmf-dist/tex/latex/auxhook/auxhook.sty
Package: auxhook 2019-12-17 v1.6 Hooks for auxiliary files (HO)
)
(/usr/local/texlive/2023/texmf-dist/tex/latex/hyperref/nameref.sty
Package: nameref 2022-05-17 v2.50 Cross-referencing by name of section

(/usr/local/texlive/2023/texmf-dist/tex/latex/refcount/refcount.sty
Package: refcount 2019/12/15 v3.6 Data extraction from label references (HO)
)
(/usr/local/texlive/2023/texmf-dist/tex/generic/gettitlestring/gettitlestring.s
ty
Package: gettitlestring 2019/12/15 v1.6 Cleanup title references (HO)
)
\c@section@level=\count298
) (/usr/local/texlive/2023/texmf-dist/tex/latex/etoolbox/etoolbox.sty
Package: etoolbox 2020/10/05 v2.5k e-TeX tools for LaTeX (JAW)
\etb@tempcnta=\count299
)
\@linkdim=\dimen192
\Hy@linkcounter=\count300
\Hy@pagecounter=\count301

(/usr/local/texlive/2023/texmf-dist/tex/latex/hyperref/pd1enc.def
File: pd1enc.def 2023-04-22 v7.00x Hyperref: PDFDocEncoding definition (HO)
Now handling font encoding PD1 ...
... no UTF-8 mapping file for font encoding PD1
)
(/usr/local/texlive/2023/texmf-dist/tex/generic/intcalc/intcalc.sty
Package: intcalc 2019/12/15 v1.3 Expandable calculations with integers (HO)
)
\Hy@SavedSpaceFactor=\count302

(/usr/local/texlive/2023/texmf-dist/tex/latex/hyperref/puenc.def
File: puenc.def 2023-04-22 v7.00x Hyperref: PDF Unicode definition (HO)
Now handling font encoding PU ...
... no UTF-8 mapping file for font encoding PU
)
Package hyperref Info: Option `breaklinks' set `true' on input line 4065.
Package hyperref Info: Hyper figures OFF on input line 4182.
Package hyperref Info: Link nesting OFF on input line 4187.
Package hyperref Info: Hyper index ON on input line 4190.
Package hyperref Info: Plain pages OFF on input line 4197.
Package hyperref Info: Backreferencing OFF on input line 4202.
Package hyperref Info: Implicit mode ON; LaTeX internals redefined.
Package hyperref Info: Bookmarks ON on input line 4449.
\c@Hy@tempcnt=\count303
LaTeX Info: Redefining \url on input line 4787.
\XeTeXLinkMargin=\dimen193

(/usr/local/texlive/2023/texmf-dist/tex/generic/bitset/bitset.sty
Package: bitset 2019/12/09 v1.3 Handle bit-vector datatype (HO)

(/usr/local/texlive/2023/texmf-dist/tex/generic/bigintcalc/bigintcalc.sty
Package: bigintcalc 2019/12/15 v1.5 Expandable calculations on big integers (HO
)
))
\Fld@menulength=\count304
\Field@Width=\dimen194
\Fld@charsize=\dimen195
Package hyperref Info: Hyper figures OFF on input line 6066.
Package hyperref Info: Link nesting OFF on input line 6071.
Package hyperref Info: Hyper index ON on input line 6074.
Package hyperref Info: backreferencing OFF on input line 6081.
Package hyperref Info: Link coloring OFF on input line 6086.
Package hyperref Info: Link coloring with OCG OFF on input line 6091.
Package hyperref Info: PDF/A mode OFF on input line 6096.

(/usr/local/texlive/2023/texmf-dist/tex/latex/base/atbegshi-ltx.sty
Package: atbegshi-ltx 2021/01/10 v1.0c Emulation of the original atbegshi
package with kernel methods
)
\Hy@abspage=\count305
\c@Item=\count306
\c@Hfootnote=\count307
)
Package hyperref Info: Driver (autodetected): hpdftex.

(/usr/local/texlive/2023/texmf-dist/tex/latex/hyperref/hpdftex.def
File: hpdftex.def 2023-04-22 v7.00x Hyperref driver for pdfTeX

(/usr/local/texlive/2023/texmf-dist/tex/latex/base/atveryend-ltx.sty
Package: atveryend-ltx 2020/08/19 v1.0a Emulation of the original atveryend pac
kage
with kernel methods
)
\Fld@listcount=\count308
\c@bookmark@seq@number=\count309

(/usr/local/texlive/2023/texmf-dist/tex/latex/rerunfilecheck/rerunfilecheck.sty
Package: rerunfilecheck 2022-07-10 v1.10 Rerun checks for auxiliary files (HO)

(/usr/local/texlive/2023/texmf-dist/tex/generic/uniquecounter/uniquecounter.sty
Package: uniquecounter 2019/12/15 v1.4 Provide unlimited unique counter (HO)
)
Package uniquecounter Info: New unique counter `rerunfilecheck' on input line 2
85.
)
\Hy@SectionHShift=\skip61
) (/usr/local/texlive/2023/texmf-dist/tex/latex/minted/minted.sty
Package: minted 2022/12/12 v2.7 Yet another Pygments shim for LaTeX

(/usr/local/texlive/2023/texmf-dist/tex/latex/fvextra/fvextra.sty
Package: fvextra 2022/11/30 v1.5 fvextra - extensions and patches for fancyvrb

(/usr/local/texlive/2023/texmf-dist/tex/latex/fancyvrb/fancyvrb.sty
Package: fancyvrb 2023/01/19 4.5a verbatim text (tvz,hv)
\FV@CodeLineNo=\count310
\FV@InFile=\read4
\FV@TabBox=\box58
\c@FancyVerbLine=\count311
\FV@StepNumber=\count312
\FV@OutFile=\write4
)
(/usr/local/texlive/2023/texmf-dist/tex/latex/upquote/upquote.sty
Package: upquote 2012/04/19 v1.3 upright-quote and grave-accent glyphs in verba
tim
)
(/usr/local/texlive/2023/texmf-dist/tex/latex/lineno/lineno.sty
Package: lineno 2023/01/19 line numbers on paragraphs v5.1
\linenopenalty=\count313
\output=\toks29
\linenoprevgraf=\count314
\linenumbersep=\dimen196
\linenumberwidth=\dimen197
\c@linenumber=\count315
\c@pagewiselinenumber=\count316
\c@LN@truepage=\count317
\c@internallinenumber=\count318
\c@internallinenumbers=\count319
\quotelinenumbersep=\dimen198
\bframerule=\dimen199
\bframesep=\dimen256
\bframebox=\box59
\linenoamsmath@ams@eqpen=\count320
LaTeX Info: Redefining \\ on input line 3131.
)
\c@FV@TrueTabGroupLevel=\count321
\c@FV@TrueTabCounter=\count322
\FV@TabBox@Group=\box60
\FV@TmpLength=\skip62
\c@FV@HighlightLinesStart=\count323
\c@FV@HighlightLinesStop=\count324
\FV@LoopCount=\count325
\FV@NCharsBox=\box61
\FV@BreakIndent=\dimen257
\FV@BreakIndentNChars=\count326
\FV@BreakSymbolSepLeft=\dimen258
\FV@BreakSymbolSepLeftNChars=\count327
\FV@BreakSymbolSepRight=\dimen259
\FV@BreakSymbolSepRightNChars=\count328
\FV@BreakSymbolIndentLeft=\dimen260
\FV@BreakSymbolIndentLeftNChars=\count329
\FV@BreakSymbolIndentRight=\dimen261
\FV@BreakSymbolIndentRightNChars=\count330
\c@FancyVerbLineBreakLast=\count331
\FV@LineBox=\box62
\FV@LineIndentBox=\box63
\c@FV@BreakBufferDepth=\count332
\FV@LineWidth=\dimen262
)
(/usr/local/texlive/2023/texmf-dist/tex/latex/tools/calc.sty
Package: calc 2017/05/25 v4.3 Infix arithmetic (KKT,FJ)
\calc@Acount=\count333
\calc@Bcount=\count334
\calc@Adimen=\dimen263
\calc@Bdimen=\dimen264
\calc@Askip=\skip63
\calc@Bskip=\skip64
LaTeX Info: Redefining \setlength on input line 80.
LaTeX Info: Redefining \addtolength on input line 81.
\calc@Ccount=\count335
\calc@Cskip=\skip65
)
(/usr/local/texlive/2023/texmf-dist/tex/latex/tools/shellesc.sty
Package: shellesc 2019/11/08 v1.0c unified shell escape interface for LaTeX
Package shellesc Info: Restricted shell escape enabled on input line 77.
)
(/usr/local/texlive/2023/texmf-dist/tex/latex/ifplatform/ifplatform.sty
Package: ifplatform 2017/10/13 v0.4a Testing for the operating system

(/usr/local/texlive/2023/texmf-dist/tex/generic/catchfile/catchfile.sty
Package: catchfile 2019/12/09 v1.8 Catch the contents of a file (HO)

(/usr/local/texlive/2023/texmf-dist/tex/generic/etexcmds/etexcmds.sty
Package: etexcmds 2019/12/15 v1.7 Avoid name clashes with e-TeX commands (HO)
))
(/usr/local/texlive/2023/texmf-dist/tex/generic/iftex/ifluatex.sty
Package: ifluatex 2019/10/25 v1.5 ifluatex legacy package. Use iftex instead.
)

Package ifplatform Warning: 
    shell escape is disabled, so I can only detect \ifwindows.

) (/usr/local/texlive/2023/texmf-dist/tex/generic/xstring/xstring.sty
(/usr/local/texlive/2023/texmf-dist/tex/generic/xstring/xstring.tex
\integerpart=\count336
\decimalpart=\count337
)
Package: xstring 2023/01/14 v1.85 String manipulations (CT)
)
(/usr/local/texlive/2023/texmf-dist/tex/latex/framed/framed.sty
Package: framed 2011/10/22 v 0.96: framed or shaded text with page breaks
\OuterFrameSep=\skip66
\fb@frw=\dimen265
\fb@frh=\dimen266
\FrameRule=\dimen267
\FrameSep=\dimen268
)
\minted@appexistsfile=\read5
\minted@bgbox=\box64
\minted@code=\write5
\c@minted@FancyVerbLineTemp=\count338
\c@minted@pygmentizecounter=\count339
\@float@every@listing=\toks30
\c@listing=\count340
)
runsystem(mkdir -p _minted-main)...disabled (restricted).



./main.tex:66: Package minted Error: You must invoke LaTeX with the -shell-esca
pe flag.

See the minted package documentation for explanation.
Type  H <return>  for immediate help.
 ...                                              
                                                  
l.66 \usepackage
                [thinlines]{easytable}
Pass the -shell-escape flag to LaTeX. Refer to the minted.sty documentation for
 more information.

(/usr/local/texlive/2023/texmf-dist/tex/latex/easy/easytable.sty
Document Style `easytable' v1.0 <2001/06/13>.
(/usr/local/texlive/2023/texmf-dist/tex/latex/easy/easy.sty
Document Style `easy' v1.1 <2001/05/31>.
Package: easy 2001/05/31 v1.1
\@easy@level=\count341
\@easy@ncol=\count342
\@easy@nrow=\count343
\@easy@cnt=\count344
\@easy@boxviii=\box65
\@easy@minxviii=\dimen269
\@easy@minyviii=\dimen270
\@easy@maxxviii=\dimen271
\@easy@maxyviii=\dimen272
\@easy@boxvii=\box66
\@easy@minxvii=\dimen273
\@easy@minyvii=\dimen274
\@easy@maxxvii=\dimen275
\@easy@maxyvii=\dimen276
\@easy@boxvi=\box67
\@easy@minxvi=\dimen277
\@easy@minyvi=\dimen278
\@easy@maxxvi=\dimen279
\@easy@maxyvi=\dimen280
\@easy@boxv=\box68
\@easy@minxv=\dimen281
\@easy@minyv=\dimen282
\@easy@maxxv=\dimen283
\@easy@maxyv=\dimen284
\@easy@boxiv=\box69
\@easy@minxiv=\dimen285
\@easy@minyiv=\dimen286
\@easy@maxxiv=\dimen287
\@easy@maxyiv=\dimen288
\@easy@boxiii=\box70
\@easy@minxiii=\dimen289
\@easy@minyiii=\dimen290
\@easy@maxxiii=\dimen291
\@easy@maxyiii=\dimen292
\@easy@boxii=\box71
\@easy@minxii=\dimen293
\@easy@minyii=\dimen294
\@easy@maxxii=\dimen295
\@easy@maxyii=\dimen296
\@easy@boxi=\box72
\@easy@minxi=\dimen297
\@easy@minyi=\dimen298
\@easy@maxxi=\dimen299
\@easy@maxyi=\dimen300
\@easy@hsizexxx=\dimen301
\@easy@vsizexxx=\dimen302
\@easy@hsizexxix=\dimen303
\@easy@vsizexxix=\dimen304
\@easy@hsizexxviii=\dimen305
\@easy@vsizexxviii=\dimen306
\@easy@hsizexxvii=\dimen307
\@easy@vsizexxvii=\dimen308
\@easy@hsizexxvi=\dimen309
\@easy@vsizexxvi=\dimen310
\@easy@hsizexxv=\dimen311
\@easy@vsizexxv=\dimen312
\@easy@hsizexxiv=\dimen313
\@easy@vsizexxiv=\dimen314
\@easy@hsizexxiii=\dimen315
\@easy@vsizexxiii=\dimen316
\@easy@hsizexxii=\dimen317
\@easy@vsizexxii=\dimen318
\@easy@hsizexxi=\dimen319
\@easy@vsizexxi=\dimen320
\@easy@hsizexx=\dimen321
\@easy@vsizexx=\dimen322
\@easy@hsizexix=\dimen323
\@easy@vsizexix=\dimen324
\@easy@hsizexviii=\dimen325
\@easy@vsizexviii=\dimen326
\@easy@hsizexvii=\dimen327
\@easy@vsizexvii=\dimen328
\@easy@hsizexvi=\dimen329
\@easy@vsizexvi=\dimen330
\@easy@hsizexv=\dimen331
\@easy@vsizexv=\dimen332
\@easy@hsizexiv=\dimen333
\@easy@vsizexiv=\dimen334
\@easy@hsizexiii=\dimen335
\@easy@vsizexiii=\dimen336
\@easy@hsizexii=\dimen337
\@easy@vsizexii=\dimen338
\@easy@hsizexi=\dimen339
\@easy@vsizexi=\dimen340
\@easy@hsizex=\dimen341
\@easy@vsizex=\dimen342
\@easy@hsizeix=\dimen343
\@easy@vsizeix=\dimen344
\@easy@hsizeviii=\dimen345
\@easy@vsizeviii=\dimen346
\@easy@hsizevii=\dimen347
\@easy@vsizevii=\dimen348
\@easy@hsizevi=\dimen349
\@easy@vsizevi=\dimen350
\@easy@hsizev=\dimen351
\@easy@vsizev=\dimen352
\@easy@hsizeiv=\dimen353
\@easy@vsizeiv=\dimen354
\@easy@hsizeiii=\dimen355
\@easy@vsizeiii=\dimen356
\@easy@hsizeii=\dimen357
\@easy@vsizeii=\dimen358
\@easy@hsizei=\dimen359
\@easy@vsizei=\dimen360
\@easy@dash@len=\dimen361
\@easy@dash@sep=\dimen362
)
Package: easytable 2001/05/31v1.1
\@tab@size@rule=\dimen363
\@tab@size@dash=\dimen364
) (/usr/local/texlive/2023/texmf-dist/tex/latex/scalerel/scalerel.sty
Package: scalerel 2016/12/29 v1.8 Routines for constrained scaling and stretchi
ng of objects, relative to a reference object or in absolute terms
\thesrwidth=\skip67
\thesrheight=\skip68
\srblobheight=\skip69
\srblobdepth=\skip70
\mnxsrwidth=\skip71
\LMex=\skip72
\LMpt=\skip73
)
runsystem(which pygmentize && touch main.aex)...disabled (restricted).



./main.tex:88: Package minted Error: You must have `pygmentize' installed to us
e this package.

See the minted package documentation for explanation.
Type  H <return>  for immediate help.
 ...                                              
                                                  
l.88 \begin{document}
                     
Refer to the installation instructions in the minted documentation for more inf
ormation.

(/home/janci/PycharmProjects/latex/out/main.aux

LaTeX Warning: Label `img:road' multiply defined.


LaTeX Warning: Label `table:1' multiply defined.


LaTeX Warning: Label `table:1' multiply defined.


LaTeX Warning: Label `table:1' multiply defined.


LaTeX Warning: Label `table:1' multiply defined.

)
\openout1 = `main.aux'.

LaTeX Font Info:    Checking defaults for OML/cmm/m/it on input line 88.
LaTeX Font Info:    ... okay on input line 88.
LaTeX Font Info:    Checking defaults for OMS/cmsy/m/n on input line 88.
LaTeX Font Info:    ... okay on input line 88.
LaTeX Font Info:    Checking defaults for OT1/cmr/m/n on input line 88.
LaTeX Font Info:    ... okay on input line 88.
LaTeX Font Info:    Checking defaults for T1/cmr/m/n on input line 88.
LaTeX Font Info:    ... okay on input line 88.
LaTeX Font Info:    Checking defaults for TS1/cmr/m/n on input line 88.
LaTeX Font Info:    ... okay on input line 88.
LaTeX Font Info:    Checking defaults for OMX/cmex/m/n on input line 88.
LaTeX Font Info:    ... okay on input line 88.
LaTeX Font Info:    Checking defaults for U/cmr/m/n on input line 88.
LaTeX Font Info:    ... okay on input line 88.
LaTeX Font Info:    Checking defaults for PD1/pdf/m/n on input line 88.
LaTeX Font Info:    ... okay on input line 88.
LaTeX Font Info:    Checking defaults for PU/pdf/m/n on input line 88.
LaTeX Font Info:    ... okay on input line 88.

*geometry* driver: auto-detecting
*geometry* detected driver: pdftex
*geometry* verbose mode - [ preamble ] result:
* driver: pdftex
* paper: a4paper
* layout: <same size as paper>
* layoutoffset:(h,v)=(0.0pt,0.0pt)
* modes: 
* h-part:(L,W,R)=(99.58464pt, 441.01773pt, 56.9055pt)
* v-part:(T,H,B)=(71.13188pt, 702.78308pt, 71.13188pt)
* \paperwidth=597.50787pt
* \paperheight=845.04684pt
* \textwidth=441.01773pt
* \textheight=702.78308pt
* \oddsidemargin=27.31465pt
* \evensidemargin=27.31465pt
* \topmargin=-33.0119pt
* \headheight=12.0pt
* \headsep=19.8738pt
* \topskip=12.0pt
* \footskip=30.0pt
* \marginparwidth=38.0pt
* \marginparsep=7.0pt
* \columnsep=10.0pt
* \skip\footins=10.8pt plus 4.0pt minus 2.0pt
* \hoffset=0.0pt
* \voffset=0.0pt
* \mag=1000
* \@twocolumnfalse
* \@twosidefalse
* \@mparswitchfalse
* \@reversemarginfalse
* (1in=72.27pt=25.4mm, 1cm=28.453pt)

(/usr/local/texlive/2023/texmf-dist/tex/context/base/mkii/supp-pdf.mkii
[Loading MPS to PDF converter (version 2006.09.02).]
\scratchcounter=\count345
\scratchdimen=\dimen365
\scratchbox=\box73
\nofMPsegments=\count346
\nofMParguments=\count347
\everyMPshowfont=\toks31
\MPscratchCnt=\count348
\MPscratchDim=\dimen366
\MPnumerator=\count349
\makeMPintoPDFobject=\count350
\everyMPtoPDFconversion=\toks32
)
Package caption Info: Begin \AtBeginDocument code.
Package caption Info: float package is loaded.
Package caption Info: hyperref package is loaded.
Package caption Info: End \AtBeginDocument code.
Package hyperref Info: Link coloring OFF on input line 88.
 (/home/janci/PycharmProjects/latex/out/main.out)
(/home/janci/PycharmProjects/latex/out/main.out)
\@outlinefile=\write6
\openout6 = `main.out'.

LaTeX Font Info:    Trying to load font information for U+msa on input line 104
.

(/usr/local/texlive/2023/texmf-dist/tex/latex/amsfonts/umsa.fd
File: umsa.fd 2013/01/14 v3.01 AMS symbols A
)
LaTeX Font Info:    Trying to load font information for U+msb on input line 104
.

(/usr/local/texlive/2023/texmf-dist/tex/latex/amsfonts/umsb.fd
File: umsb.fd 2013/01/14 v3.01 AMS symbols B
)
<images/logo_fmph.png, id=120, 106.59825pt x 113.58435pt>
File: images/logo_fmph.png Graphic file (type png)
<use images/logo_fmph.png>
Package pdftex.def Info: images/logo_fmph.png  used on input line 109.
(pdftex.def)             Requested size: 106.59798pt x 113.58406pt.
 [1


{/usr/local/texlive/2023/texmf-var/fonts/map/pdftex/updmap/pdftex.map}{/usr/loc
al/texlive/2023/texmf-dist/fonts/enc/dvips/cm-super/cm-super-t1.enc} <./images/
logo_fmph.png>]
<images/logo_fmph_dark.png, id=132, 106.59825pt x 113.58435pt>
File: images/logo_fmph_dark.png Graphic file (type png)
<use images/logo_fmph_dark.png>
Package pdftex.def Info: images/logo_fmph_dark.png  used on input line 143.
(pdftex.def)             Requested size: 106.59798pt x 113.58406pt.
 [2

 <./images/logo_fmph_dark.png>]
<images/zadanie-prace.jpg, id=139, 614.295pt x 794.97pt>
File: images/zadanie-prace.jpg Graphic file (type jpg)
<use images/zadanie-prace.jpg>
Package pdftex.def Info: images/zadanie-prace.jpg  used on input line 178.
(pdftex.def)             Requested size: 597.50787pt x 773.2913pt.

Overfull \vbox (105.25822pt too high) has occurred while \output is active []


[3 <./images/zadanie-prace.jpg>]
Underfull \hbox (badness 10000) in paragraph at lines 196--198

 []


Underfull \hbox (badness 10000) in paragraph at lines 196--198

 []


Overfull \hbox (2.61047pt too wide) in paragraph at lines 193--199
$[]$ $[]$ 
 []

[4] [5

] [6

] [7

] (/home/janci/PycharmProjects/latex/out/main.toc [8

])
\tf@toc=\write7
\openout7 = `main.toc'.

 [9]
(./00intro.tex [1


]) (./01overview.tex [2]
Kapitola 1.

Package natbib Warning: Citation `CV-vs-DL' on page 3 undefined on input line 1
3.

[3

]

Package natbib Warning: Citation `sel-search' on page 4 undefined on input line
 19.


Package natbib Warning: Citation `HOG' on page 4 undefined on input line 21.


Package natbib Warning: Citation `SURF' on page 4 undefined on input line 21.


Package natbib Warning: Citation `SIFT' on page 4 undefined on input line 21.


Package natbib Warning: Citation `SVM' on page 4 undefined on input line 21.


Package natbib Warning: Citation `Adaboost' on page 4 undefined on input line 2
1.


Package natbib Warning: Citation `SSD-YOLO' on page 4 undefined on input line 3
1.


Package natbib Warning: Citation `Coco' on page 4 undefined on input line 31.

[4]

Package natbib Warning: Citation `Hossari' on page 5 undefined on input line 33
.


Package natbib Warning: Citation `simonyan2015deep' on page 5 undefined on inpu
t line 33.


Package natbib Warning: Citation `Mapillary' on page 5 undefined on input line 
33.


Package natbib Warning: Citation `GeoTag' on page 5 undefined on input line 35.



Package natbib Warning: Citation `AlexNet' on page 5 undefined on input line 35
.

[5]

Package natbib Warning: Citation `WF' on page 6 undefined on input line 42.


Package natbib Warning: Citation `stavrinos2016visual' on page 6 undefined on i
nput line 44.


Package natbib Warning: Citation `belyusar2016field' on page 6 undefined on inp
ut line 44.


Package natbib Warning: Citation `EDQUIST2011619' on page 6 undefined on input 
line 44.


Package natbib Warning: Citation `horberry200813' on page 6 undefined on input 
line 44.


Package natbib Warning: Citation `bendak2010role' on page 6 undefined on input 
line 44.


Package natbib Warning: Citation `OVIEDOTRESPALACIOS201985' on page 6 undefined
 on input line 53.


Package natbib Warning: Citation `beijer' on page 6 undefined on input line 53.



Package natbib Warning: Citation `brome' on page 6 undefined on input line 53.


Package natbib Warning: Citation `n1' on page 6 undefined on input line 53.


Package natbib Warning: Citation `brome' on page 6 undefined on input line 53.


Package natbib Warning: Citation `mollu2018driving' on page 6 undefined on inpu
t line 53.


Package natbib Warning: Citation `beijer' on page 6 undefined on input line 53.



Package natbib Warning: Citation `yellappan2016exposure' on page 6 undefined on
 input line 53.


Package natbib Warning: Citation `smiley2005traffic' on page 6 undefined on inp
ut line 53.

[6]

Package natbib Warning: Citation `costa' on page 7 undefined on input line 56.


Package natbib Warning: Citation `crundall' on page 7 undefined on input line 5
6.


Package natbib Warning: Citation `zalesinska2018impact' on page 7 undefined on 
input line 56.


Package natbib Warning: Citation `costa' on page 7 undefined on input line 56.


Package natbib Warning: Citation `mollu2018driving' on page 7 undefined on inpu
t line 56.


Package natbib Warning: Citation `harasimczuk2021longer' on page 7 undefined on
 input line 60.


Package natbib Warning: Citation `meuleners2020identifying' on page 7 undefined
 on input line 60.


Package natbib Warning: Citation `MaliszewskiNorbert2019Iosa' on page 7 undefin
ed on input line 60.


Package natbib Warning: Citation `tarnowski2017roadside' on page 7 undefined on
 input line 60.


Package natbib Warning: Citation `marciano2017effect' on page 7 undefined on in
put line 60.


Package natbib Warning: Citation `chan2013emotional' on page 7 undefined on inp
ut line 60.

) (./02theory.tex [7]
Kapitola 2.

Package natbib Warning: Citation `SF' on page 8 undefined on input line 4.


Package natbib Warning: Citation `RosinPaulL2019RIAa' on page 8 undefined on in
put line 4.


Package natbib Warning: Citation `Goodfellow-et-al-2016' on page 8 undefined on
 input line 4.


Package natbib Warning: Citation `Shanmuganathan2016' on page 8 undefined on in
put line 9.


Package natbib Warning: Citation `DettmersTim2019SNfS' on page 8 undefined on i
nput line 11.

<images/02/mynn.png, id=242, 1281.28688pt x 859.71187pt>
File: images/02/mynn.png Graphic file (type png)
<use images/02/mynn.png>
Package pdftex.def Info: images/02/mynn.png  used on input line 15.
(pdftex.def)             Requested size: 264.61333pt x 177.54076pt.
[8

]

Package natbib Warning: Citation `sigmoid' on page 9 undefined on input line 37
.


Package natbib Warning: Citation `relu' on page 9 undefined on input line 37.


Package natbib Warning: Citation `prelu' on page 9 undefined on input line 37.

<images/02/relu_prelu.png, id=249, 2621.795pt x 1031.855pt>
File: images/02/relu_prelu.png Graphic file (type png)
<use images/02/relu_prelu.png>
Package pdftex.def Info: images/02/relu_prelu.png  used on input line 41.
(pdftex.def)             Requested size: 264.61333pt x 104.13623pt.

Package natbib Warning: Citation `prelu' on page 9 undefined on input line 42.


Package natbib Warning: Citation `prelu' on page 9 undefined on input line 42.

[9 <./images/02/mynn.png (PNG copy)>] [10 <./images/02/relu_prelu.png (PNG copy
)>]

Package natbib Warning: Citation `loss' on page 11 undefined on input line 58.


Package natbib Warning: Citation `bp' on page 11 undefined on input line 62.


Package natbib Warning: Citation `Goodfellow-et-al-2016' on page 11 undefined o
n input line 64.

[11]
<images/02/grad.png, id=274, 1601.2322pt x 824.32968pt>
File: images/02/grad.png Graphic file (type png)
<use images/02/grad.png>
Package pdftex.def Info: images/02/grad.png  used on input line 72.
(pdftex.def)             Requested size: 220.50887pt x 113.51863pt.


Package natbib Warning: Citation `grad' on page 12 undefined on input line 73.


Package natbib Warning: Citation `grad' on page 12 undefined on input line 73.

[12 <./images/02/grad.png (PNG copy)>]

Package natbib Warning: Citation `cnn-intro' on page 13 undefined on input line
 89.

[13]
<images/02/filters2.png, id=288, 2195.20125pt x 781.41937pt>
File: images/02/filters2.png Graphic file (type png)
<use images/02/filters2.png>
Package pdftex.def Info: images/02/filters2.png  used on input line 102.
(pdftex.def)             Requested size: 308.71106pt x 109.88683pt.


Package natbib Warning: Citation `filters' on page 14 undefined on input line 1
03.


Package natbib Warning: Citation `filters' on page 14 undefined on input line 1
03.


Package natbib Warning: Citation `cnn-intro' on page 14 undefined on input line
 111.

<images/02/pooling.png, id=289, 514.92375pt x 233.87375pt>
File: images/02/pooling.png Graphic file (type png)
<use images/02/pooling.png>
Package pdftex.def Info: images/02/pooling.png  used on input line 115.
(pdftex.def)             Requested size: 220.50887pt x 100.14978pt.

Package natbib Warning: Citation `pool' on page 14 undefined on input line 116.



Package natbib Warning: Citation `pool' on page 14 undefined on input line 116.


[14 <./images/02/filters2.png (PNG copy)>]

Package natbib Warning: Citation `lenet' on page 15 undefined on input line 126
.

<images/02/lenet.png, id=295, 992.0262pt x 182.1204pt>
File: images/02/lenet.png Graphic file (type png)
<use images/02/lenet.png>
Package pdftex.def Info: images/02/lenet.png  used on input line 130.
(pdftex.def)             Requested size: 441.01773pt x 80.96411pt.

Package natbib Warning: Citation `lenet' on page 15 undefined on input line 131
.


Package natbib Warning: Citation `lenet' on page 15 undefined on input line 131
.


Package natbib Warning: Citation `AlexNet' on page 15 undefined on input line 1
35.


Package natbib Warning: Citation `ilsvrc' on page 15 undefined on input line 13
5.

[15 <./images/02/pooling.png> <./images/02/lenet.png>]

Package natbib Warning: Citation `RosinPaulL2019RIAa' on page 16 undefined on i
nput line 138.


Overfull \hbox (0.67589pt too wide) in paragraph at lines 141--142
\T1/cmr/m/n/14.4 Na vy-tvo-re-nie ro-bust-ného de-tek-toru ob-jek-tov, ktorý do
-káºe pre-ko-na´ beºné
 []

[16]) (./03proposal.tex [17]
Kapitola 3.

Underfull \hbox (badness 10000) in paragraph at lines 3--5

 []

<images/02/plan2.png, id=319, 2077.00969pt x 425.33907pt>
File: images/02/plan2.png Graphic file (type png)
<use images/02/plan2.png>
Package pdftex.def Info: images/02/plan2.png  used on input line 8.
(pdftex.def)             Requested size: 441.01773pt x 90.31033pt.
[18

 <./images/02/plan2.png (PNG copy)>]
<images/02/glasses.jpg, id=327, 715.67375pt x 387.4475pt>
File: images/02/glasses.jpg Graphic file (type jpg)
<use images/02/glasses.jpg>
Package pdftex.def Info: images/02/glasses.jpg  used on input line 24.
(pdftex.def)             Requested size: 264.61333pt x 143.25282pt.


Package natbib Warning: Citation `tobii' on page 19 undefined on input line 25.



Package natbib Warning: Citation `tobii' on page 19 undefined on input line 25.


<images/02/map.png, id=329, 1717.91812pt x 749.04843pt>
File: images/02/map.png Graphic file (type png)
<use images/02/map.png>
Package pdftex.def Info: images/02/map.png  used on input line 39.
(pdftex.def)             Requested size: 441.01773pt x 192.29065pt.
[19 <./images/02/glasses.jpg>]

Package natbib Warning: Citation `yolov8' on page 20 undefined on input line 46
.

<images/02/mapillar.jpg, id=335, 3276.24pt x 2457.18pt>
File: images/02/mapillar.jpg Graphic file (type jpg)
<use images/02/mapillar.jpg>
Package pdftex.def Info: images/02/mapillar.jpg  used on input line 55.
(pdftex.def)             Requested size: 441.01773pt x 330.73016pt.
[20 <./images/02/map.png (PNG copy)>]

Package natbib Warning: Citation `deepsort' on page 21 undefined on input line 
66.


Package natbib Warning: Citation `bytetrack' on page 21 undefined on input line
 66.


Package natbib Warning: Citation `ocsort' on page 21 undefined on input line 66
.


Package natbib Warning: Citation `strongsort' on page 21 undefined on input lin
e 66.


Package natbib Warning: Citation `sort' on page 21 undefined on input line 66.

[21 <./images/02/mapillar.jpg>] [22{/usr/local/texlive/2023/texmf-dist/fonts/en
c/dvips/cm-super/cm-super-ts1.enc}]) (./04research.tex [23]
Kapitola 4.
[24

]
<images/02/prolab.png, id=361, 1284.8pt x 770.88pt>
File: images/02/prolab.png Graphic file (type png)
<use images/02/prolab.png>
Package pdftex.def Info: images/02/prolab.png  used on input line 40.
(pdftex.def)             Requested size: 441.01773pt x 264.61295pt.
 [25] [26 <./images/02/prolab.png>]

Package natbib Warning: Citation `v7' on page 27 undefined on input line 74.

[27] [28] [29]) (./05results.tex [30]
Kapitola 5.
) (./06conclusion.tex [31

]) [32

]
No file main.bbl.

Package caption Warning: Unused \captionsetup[sub] on input line 62.
See the caption package documentation for explanation.


Package natbib Warning: There were undefined citations.

(/home/janci/PycharmProjects/latex/out/main.aux)

LaTeX Warning: There were multiply-defined labels.

Package rerunfilecheck Info: File `main.out' has not changed.
(rerunfilecheck)             Checksum: F7B3B05CF112637B134E05EE073750B8;4651.
 )
(\end occurred inside a group at level 1)

### semi simple group (level 1) entered at line 90 (\begingroup)
### bottom level 
Here is how much of TeX's memory you used:
 18130 strings out of 476001
 314075 string characters out of 5789205
 1866074 words of memory out of 5000000
 38162 multiletter control sequences out of 15000+600000
 528238 words of font info for 73 fonts, out of 8000000 for 9000
 1141 hyphenation exceptions out of 8191
 77i,9n,77p,1339b,634s stack positions out of 10000i,1000n,20000p,200000b,200000s
</usr/local/texlive/2023/texmf-dist/fonts/type1/public/amsfonts
/cm/cmex10.pfb></usr/local/texlive/2023/texmf-dist/fonts/type1/public/amsfonts/
cm/cmmi10.pfb></usr/local/texlive/2023/texmf-dist/fonts/type1/public/amsfonts/c
m/cmmi12.pfb></usr/local/texlive/2023/texmf-dist/fonts/type1/public/amsfonts/cm
/cmmi7.pfb></usr/local/texlive/2023/texmf-dist/fonts/type1/public/amsfonts/cm/c
mmi8.pfb></usr/local/texlive/2023/texmf-dist/fonts/type1/public/amsfonts/cm/cmr
10.pfb></usr/local/texlive/2023/texmf-dist/fonts/type1/public/amsfonts/cm/cmr12
.pfb></usr/local/texlive/2023/texmf-dist/fonts/type1/public/amsfonts/cm/cmsy10.
pfb></usr/local/texlive/2023/texmf-dist/fonts/type1/public/cm-super/sfbx1200.pf
b></usr/local/texlive/2023/texmf-dist/fonts/type1/public/cm-super/sfbx1440.pfb>
</usr/local/texlive/2023/texmf-dist/fonts/type1/public/cm-super/sfbx1728.pfb></
usr/local/texlive/2023/texmf-dist/fonts/type1/public/cm-super/sfbx2488.pfb></us
r/local/texlive/2023/texmf-dist/fonts/type1/public/cm-super/sfrm1200.pfb></usr/
local/texlive/2023/texmf-dist/fonts/type1/public/cm-super/sfrm1440.pfb></usr/lo
cal/texlive/2023/texmf-dist/fonts/type1/public/cm-super/sfsl1200.pfb></usr/loca
l/texlive/2023/texmf-dist/fonts/type1/public/cm-super/sfti1200.pfb></usr/local/
texlive/2023/texmf-dist/fonts/type1/public/cm-super/sfti1440.pfb>
Output written on /home/janci/PycharmProjects/latex/out/main.pdf (41 pages, 478
3679 bytes).
PDF statistics:
 508 PDF objects out of 1000 (max. 8388607)
 406 compressed objects within 5 object streams
 107 named destinations out of 1000 (max. 500000)
 303 words of extra memory for PDF output out of 10000 (max. 10000000)

